Client_IP : 127.0.0.1 
 Client_User: - 
 TimeStamp: [24/Feb/2024:12:58:40 +0000] 
 Client_Request: GET /users/developer-info HTTP/1.1 
Status : 200 
 Body_Bytes: 135 
 Referer: - 
Real-IP: - 
 User_Client: PostmanRuntime/7.36.3 
 Proxy_IP: 127.0.0.1 
 Proxy_HostName : localhost:8080 
 Host: localhost 
***************************************************************************************************************** 

Client_IP : 127.0.0.1 
 Client_User: - 
 TimeStamp: [24/Feb/2024:12:58:42 +0000] 
 Client_Request: GET /users/developer-info HTTP/1.1 
Status : 200 
 Body_Bytes: 135 
 Referer: - 
Real-IP: - 
 User_Client: PostmanRuntime/7.36.3 
 Proxy_IP: 127.0.0.1 
 Proxy_HostName : localhost:8080 
 Host: localhost 
***************************************************************************************************************** 

Client_IP : 127.0.0.1 
 Client_User: - 
 TimeStamp: [24/Feb/2024:12:58:51 +0000] 
 Client_Request: GET /transactions HTTP/1.1 
Status : 502 
 Body_Bytes: 497 
 Referer: - 
Real-IP: - 
 User_Client: PostmanRuntime/7.36.3 
 Proxy_IP: 127.0.0.1 
 Proxy_HostName : - 
 Host: localhost 
***************************************************************************************************************** 

Client_IP : 127.0.0.1 
 Client_User: - 
 TimeStamp: [24/Feb/2024:12:58:56 +0000] 
 Client_Request: GET /users/developer-info HTTP/1.1 
Status : 200 
 Body_Bytes: 135 
 Referer: - 
Real-IP: - 
 User_Client: Mozilla/5.0 (Windows NT 10.0; Win64; x64) AppleWebKit/537.36 (KHTML, like Gecko) Chrome/121.0.0.0 Safari/537.36 
 Proxy_IP: 127.0.0.1 
 Proxy_HostName : localhost:8080 
 Host: localhost 
***************************************************************************************************************** 

Client_IP : 127.0.0.1 
 Client_User: - 
 TimeStamp: [24/Feb/2024:12:59:21 +0000] 
 Client_Request: GET /transactions/developer-info HTTP/1.1 
Status : 502 
 Body_Bytes: 497 
 Referer: - 
Real-IP: - 
 User_Client: Mozilla/5.0 (Windows NT 10.0; Win64; x64) AppleWebKit/537.36 (KHTML, like Gecko) Chrome/121.0.0.0 Safari/537.36 
 Proxy_IP: 127.0.0.1 
 Proxy_HostName : - 
 Host: localhost 
***************************************************************************************************************** 

Client_IP : 127.0.0.1 
 Client_User: - 
 TimeStamp: [24/Feb/2024:12:59:37 +0000] 
 Client_Request: GET /users/developer-info HTTP/1.1 
Status : 200 
 Body_Bytes: 135 
 Referer: - 
Real-IP: - 
 User_Client: curl/8.4.0 
 Proxy_IP: 127.0.0.1 
 Proxy_HostName : localhost:8080 
 Host: localhost 
***************************************************************************************************************** 

Client_IP : 127.0.0.1 
 Client_User: - 
 TimeStamp: [24/Feb/2024:12:59:52 +0000] 
 Client_Request: GET /transactions/developer-info HTTP/1.1 
Status : 502 
 Body_Bytes: 497 
 Referer: - 
Real-IP: - 
 User_Client: curl/8.4.0 
 Proxy_IP: 127.0.0.1 
 Proxy_HostName : - 
 Host: localhost 
***************************************************************************************************************** 

